mode: set
github.com/vyuvaraj/ServShared/pkg/policy/policy.go:24.60,26.54 2 1
github.com/vyuvaraj/ServShared/pkg/policy/policy.go:26.54,28.3 1 0
github.com/vyuvaraj/ServShared/pkg/policy/policy.go:29.2,29.21 1 1
github.com/vyuvaraj/ServShared/pkg/policy/policy.go:38.77,39.19 1 1
github.com/vyuvaraj/ServShared/pkg/policy/policy.go:39.19,41.3 1 0
github.com/vyuvaraj/ServShared/pkg/policy/policy.go:43.2,43.36 1 1
github.com/vyuvaraj/ServShared/pkg/policy/policy.go:43.36,46.34 2 1
github.com/vyuvaraj/ServShared/pkg/policy/policy.go:46.34,47.51 1 1
github.com/vyuvaraj/ServShared/pkg/policy/policy.go:47.51,49.10 2 1
github.com/vyuvaraj/ServShared/pkg/policy/policy.go:52.3,52.19 1 1
github.com/vyuvaraj/ServShared/pkg/policy/policy.go:52.19,53.12 1 1
github.com/vyuvaraj/ServShared/pkg/policy/policy.go:57.3,57.37 1 1
github.com/vyuvaraj/ServShared/pkg/policy/policy.go:57.37,58.12 1 0
github.com/vyuvaraj/ServShared/pkg/policy/policy.go:62.3,62.26 1 1
github.com/vyuvaraj/ServShared/pkg/policy/policy.go:62.26,64.39 2 1
github.com/vyuvaraj/ServShared/pkg/policy/policy.go:64.39,65.23 1 1
github.com/vyuvaraj/ServShared/pkg/policy/policy.go:65.23,67.11 2 0
github.com/vyuvaraj/ServShared/pkg/policy/policy.go:69.5,69.33 1 1
github.com/vyuvaraj/ServShared/pkg/policy/policy.go:69.33,70.39 1 1
github.com/vyuvaraj/ServShared/pkg/policy/policy.go:70.39,72.12 2 1
github.com/vyuvaraj/ServShared/pkg/policy/policy.go:76.4,76.18 1 1
github.com/vyuvaraj/ServShared/pkg/policy/policy.go:76.18,77.13 1 1
github.com/vyuvaraj/ServShared/pkg/policy/policy.go:82.3,83.41 2 1
github.com/vyuvaraj/ServShared/pkg/policy/policy.go:83.41,85.23 2 0
github.com/vyuvaraj/ServShared/pkg/policy/policy.go:85.23,87.5 1 0
github.com/vyuvaraj/ServShared/pkg/policy/policy.go:88.4,88.25 1 0
github.com/vyuvaraj/ServShared/pkg/policy/policy.go:88.25,90.10 2 0
github.com/vyuvaraj/ServShared/pkg/policy/policy.go:93.3,93.19 1 1
github.com/vyuvaraj/ServShared/pkg/policy/policy.go:93.19,94.12 1 0
github.com/vyuvaraj/ServShared/pkg/policy/policy.go:98.3,98.65 1 1
github.com/vyuvaraj/ServShared/pkg/policy/policy.go:101.2,101.31 1 0
github.com/vyuvaraj/ServShared/pkg/policy/policy.go:104.43,105.39 1 1
github.com/vyuvaraj/ServShared/pkg/policy/policy.go:105.39,107.3 1 0
github.com/vyuvaraj/ServShared/pkg/policy/policy.go:108.2,108.21 1 1
github.com/vyuvaraj/ServShared/pkg/policy/policy.go:108.21,110.3 1 0
github.com/vyuvaraj/ServShared/pkg/policy/policy.go:111.2,111.38 1 1
github.com/vyuvaraj/ServShared/pkg/policy/policy.go:111.38,114.3 2 1
github.com/vyuvaraj/ServShared/pkg/policy/policy.go:115.2,115.14 1 0
github.com/vyuvaraj/ServShared/pkg/datafabric/fabric.go:23.52,29.2 1 1
github.com/vyuvaraj/ServShared/pkg/datafabric/fabric.go:31.86,33.20 2 1
github.com/vyuvaraj/ServShared/pkg/datafabric/fabric.go:33.20,35.3 1 0
github.com/vyuvaraj/ServShared/pkg/datafabric/fabric.go:36.2,36.32 1 1
github.com/vyuvaraj/ServShared/pkg/datafabric/fabric.go:39.64,41.16 2 1
github.com/vyuvaraj/ServShared/pkg/datafabric/fabric.go:41.16,43.3 1 0
github.com/vyuvaraj/ServShared/pkg/datafabric/fabric.go:45.2,48.16 3 1
github.com/vyuvaraj/ServShared/pkg/datafabric/fabric.go:49.15,51.10 2 1
github.com/vyuvaraj/ServShared/pkg/datafabric/fabric.go:51.10,53.4 1 1
github.com/vyuvaraj/ServShared/pkg/datafabric/fabric.go:54.3,54.18 1 1
github.com/vyuvaraj/ServShared/pkg/datafabric/fabric.go:55.15,57.10 2 1
github.com/vyuvaraj/ServShared/pkg/datafabric/fabric.go:57.10,59.4 1 0
github.com/vyuvaraj/ServShared/pkg/datafabric/fabric.go:60.3,60.18 1 1
github.com/vyuvaraj/ServShared/pkg/datafabric/fabric.go:61.13,63.10 2 1
github.com/vyuvaraj/ServShared/pkg/datafabric/fabric.go:63.10,65.4 1 0
github.com/vyuvaraj/ServShared/pkg/datafabric/fabric.go:66.3,66.18 1 1
github.com/vyuvaraj/ServShared/pkg/datafabric/fabric.go:67.10,68.59 1 0
github.com/vyuvaraj/ServShared/pkg/datafabric/fabric.go:72.66,74.16 2 1
github.com/vyuvaraj/ServShared/pkg/datafabric/fabric.go:74.16,76.3 1 0
github.com/vyuvaraj/ServShared/pkg/datafabric/fabric.go:78.2,81.16 3 1
github.com/vyuvaraj/ServShared/pkg/datafabric/fabric.go:82.15,84.13 2 1
github.com/vyuvaraj/ServShared/pkg/datafabric/fabric.go:85.15,87.13 2 1
github.com/vyuvaraj/ServShared/pkg/datafabric/fabric.go:88.13,90.13 2 1
github.com/vyuvaraj/ServShared/pkg/datafabric/fabric.go:91.10,92.54 1 1
github.com/vyuvaraj/ServShared/pkg/datafabric/fabric.go:96.57,98.16 2 1
github.com/vyuvaraj/ServShared/pkg/datafabric/fabric.go:98.16,100.3 1 0
github.com/vyuvaraj/ServShared/pkg/datafabric/fabric.go:102.2,105.16 3 1
github.com/vyuvaraj/ServShared/pkg/datafabric/fabric.go:106.15,107.40 1 1
github.com/vyuvaraj/ServShared/pkg/datafabric/fabric.go:107.40,109.4 1 0
github.com/vyuvaraj/ServShared/pkg/datafabric/fabric.go:110.3,111.13 2 1
github.com/vyuvaraj/ServShared/pkg/datafabric/fabric.go:112.15,113.41 1 0
github.com/vyuvaraj/ServShared/pkg/datafabric/fabric.go:113.41,115.4 1 0
github.com/vyuvaraj/ServShared/pkg/datafabric/fabric.go:116.3,117.13 2 0
github.com/vyuvaraj/ServShared/pkg/datafabric/fabric.go:118.13,119.38 1 0
github.com/vyuvaraj/ServShared/pkg/datafabric/fabric.go:119.38,121.4 1 0
github.com/vyuvaraj/ServShared/pkg/datafabric/fabric.go:122.3,123.13 2 0
github.com/vyuvaraj/ServShared/pkg/datafabric/fabric.go:124.10,125.54 1 0
github.com/vyuvaraj/ServShared/pkg/outbox/outbox.go:29.48,33.2 1 1
github.com/vyuvaraj/ServShared/pkg/outbox/outbox.go:35.80,40.2 4 1
github.com/vyuvaraj/ServShared/pkg/outbox/outbox.go:42.88,46.29 4 1
github.com/vyuvaraj/ServShared/pkg/outbox/outbox.go:46.29,47.19 1 1
github.com/vyuvaraj/ServShared/pkg/outbox/outbox.go:47.19,49.4 1 1
github.com/vyuvaraj/ServShared/pkg/outbox/outbox.go:51.2,51.18 1 1
github.com/vyuvaraj/ServShared/pkg/outbox/outbox.go:54.81,57.29 3 1
github.com/vyuvaraj/ServShared/pkg/outbox/outbox.go:57.29,58.17 1 1
github.com/vyuvaraj/ServShared/pkg/outbox/outbox.go:58.17,61.4 2 1
github.com/vyuvaraj/ServShared/pkg/outbox/outbox.go:63.2,63.38 1 0
github.com/vyuvaraj/ServShared/pkg/outbox/outbox.go:75.76,80.2 1 1
github.com/vyuvaraj/ServShared/pkg/outbox/outbox.go:83.73,85.16 2 1
github.com/vyuvaraj/ServShared/pkg/outbox/outbox.go:85.16,87.3 1 0
github.com/vyuvaraj/ServShared/pkg/outbox/outbox.go:89.2,90.28 2 1
github.com/vyuvaraj/ServShared/pkg/outbox/outbox.go:90.28,91.64 1 1
github.com/vyuvaraj/ServShared/pkg/outbox/outbox.go:91.64,94.4 1 1
github.com/vyuvaraj/ServShared/pkg/outbox/outbox.go:95.3,95.59 1 1
github.com/vyuvaraj/ServShared/pkg/outbox/outbox.go:95.59,97.4 1 0
github.com/vyuvaraj/ServShared/pkg/outbox/outbox.go:98.3,98.10 1 1
github.com/vyuvaraj/ServShared/pkg/outbox/outbox.go:100.2,100.19 1 1
github.com/vyuvaraj/ServShared/audit.go:23.90,33.16 3 0
github.com/vyuvaraj/ServShared/audit.go:33.16,35.3 1 0
github.com/vyuvaraj/ServShared/audit.go:37.2,40.19 4 0
github.com/vyuvaraj/ServShared/audit.go:40.19,42.3 1 0
github.com/vyuvaraj/ServShared/audit.go:45.2,46.28 2 0
github.com/vyuvaraj/ServShared/audit.go:46.28,47.74 1 0
github.com/vyuvaraj/ServShared/audit.go:47.74,48.14 1 0
github.com/vyuvaraj/ServShared/audit.go:48.14,51.19 3 0
github.com/vyuvaraj/ServShared/audit.go:51.19,53.6 1 0
github.com/vyuvaraj/ServShared/audit.go:54.5,54.27 1 0
github.com/vyuvaraj/ServShared/audit.go:54.27,56.6 1 0
github.com/vyuvaraj/ServShared/audit.go:57.5,59.19 3 0
github.com/vyuvaraj/ServShared/audit.go:59.19,61.6 1 0
github.com/vyuvaraj/ServShared/audit.go:62.5,68.31 6 0
github.com/vyuvaraj/ServShared/audit.go:68.31,72.26 4 0
github.com/vyuvaraj/ServShared/audit.go:72.26,74.41 2 0
github.com/vyuvaraj/ServShared/audit.go:74.41,76.8 1 0
github.com/vyuvaraj/ServShared/audit.go:83.2,83.12 1 0
github.com/vyuvaraj/ServShared/auth.go:16.88,18.2 1 1
github.com/vyuvaraj/ServShared/auth.go:20.63,22.2 1 0
github.com/vyuvaraj/ServShared/auth.go:25.78,26.18 1 0
github.com/vyuvaraj/ServShared/auth.go:26.18,28.3 1 0
github.com/vyuvaraj/ServShared/auth.go:30.2,43.43 3 0
github.com/vyuvaraj/ServShared/auth.go:47.124,62.2 3 1
github.com/vyuvaraj/ServShared/auth.go:65.151,81.2 4 1
github.com/vyuvaraj/ServShared/health.go:22.52,24.2 1 0
github.com/vyuvaraj/ServShared/health.go:27.67,31.2 3 0
github.com/vyuvaraj/ServShared/health.go:34.52,39.36 4 0
github.com/vyuvaraj/ServShared/health.go:39.36,40.33 1 0
github.com/vyuvaraj/ServShared/health.go:40.33,42.4 1 0
github.com/vyuvaraj/ServShared/health.go:42.9,44.4 1 0
github.com/vyuvaraj/ServShared/health.go:46.2,46.16 1 0
github.com/vyuvaraj/ServShared/health.go:50.61,54.2 3 0
github.com/vyuvaraj/ServShared/health.go:57.60,59.2 1 0
github.com/vyuvaraj/ServShared/health.go:62.98,67.33 4 0
github.com/vyuvaraj/ServShared/health.go:67.33,68.21 1 0
github.com/vyuvaraj/ServShared/health.go:68.21,70.9 2 0
github.com/vyuvaraj/ServShared/health.go:74.2,79.17 2 0
github.com/vyuvaraj/ServShared/health.go:79.17,82.3 2 0
github.com/vyuvaraj/ServShared/health.go:82.8,84.3 1 0
github.com/vyuvaraj/ServShared/health.go:86.2,87.22 2 0
github.com/vyuvaraj/ServShared/lock_client.go:66.57,71.2 1 1
github.com/vyuvaraj/ServShared/lock_client.go:75.49,78.2 2 0
github.com/vyuvaraj/ServShared/lock_client.go:80.95,89.2 4 1
github.com/vyuvaraj/ServShared/lock_client.go:91.59,94.64 3 1
github.com/vyuvaraj/ServShared/lock_client.go:94.64,96.3 1 0
github.com/vyuvaraj/ServShared/lock_client.go:97.2,97.61 1 1
github.com/vyuvaraj/ServShared/lock_client.go:97.61,99.3 1 0
github.com/vyuvaraj/ServShared/lock_client.go:100.2,100.12 1 1
github.com/vyuvaraj/ServShared/lock_client.go:103.91,110.65 3 1
github.com/vyuvaraj/ServShared/lock_client.go:110.65,112.3 1 0
github.com/vyuvaraj/ServShared/lock_client.go:113.2,113.20 1 1
github.com/vyuvaraj/ServShared/lock_client.go:116.65,119.16 3 1
github.com/vyuvaraj/ServShared/lock_client.go:119.16,121.3 1 0
github.com/vyuvaraj/ServShared/lock_client.go:122.2,123.44 2 1
github.com/vyuvaraj/ServShared/lock_client.go:123.44,125.3 1 1
github.com/vyuvaraj/ServShared/lock_client.go:126.2,126.38 1 1
github.com/vyuvaraj/ServShared/lock_client.go:126.38,128.3 1 0
github.com/vyuvaraj/ServShared/lock_client.go:129.2,130.66 2 1
github.com/vyuvaraj/ServShared/lock_client.go:130.66,132.3 1 0
github.com/vyuvaraj/ServShared/lock_client.go:133.2,133.20 1 1
github.com/vyuvaraj/ServShared/lock_client.go:136.73,138.16 2 1
github.com/vyuvaraj/ServShared/lock_client.go:138.16,140.3 1 0
github.com/vyuvaraj/ServShared/lock_client.go:141.2,142.16 2 1
github.com/vyuvaraj/ServShared/lock_client.go:142.16,144.3 1 0
github.com/vyuvaraj/ServShared/lock_client.go:145.2,146.28 2 1
github.com/vyuvaraj/ServShared/lock_client.go:146.28,148.3 1 1
github.com/vyuvaraj/ServShared/lock_client.go:149.2,149.16 1 1
github.com/vyuvaraj/ServShared/lock_client.go:149.16,151.3 1 1
github.com/vyuvaraj/ServShared/lock_client.go:152.2,152.12 1 0
github.com/vyuvaraj/ServShared/lock_client.go:166.97,168.16 2 1
github.com/vyuvaraj/ServShared/lock_client.go:168.16,170.3 1 0
github.com/vyuvaraj/ServShared/lock_client.go:171.2,171.22 1 1
github.com/vyuvaraj/ServShared/lock_client.go:171.22,173.3 1 0
github.com/vyuvaraj/ServShared/lock_client.go:174.2,174.15 1 1
github.com/vyuvaraj/ServShared/lock_client.go:174.15,174.44 1 1
github.com/vyuvaraj/ServShared/lock_client.go:175.2,175.13 1 1
github.com/vyuvaraj/ServShared/lock_client.go:187.9,188.54 1 1
github.com/vyuvaraj/ServShared/lock_client.go:188.54,190.17 2 1
github.com/vyuvaraj/ServShared/lock_client.go:190.17,192.4 1 0
github.com/vyuvaraj/ServShared/lock_client.go:193.3,193.22 1 1
github.com/vyuvaraj/ServShared/lock_client.go:193.22,194.17 1 1
github.com/vyuvaraj/ServShared/lock_client.go:194.17,194.46 1 1
github.com/vyuvaraj/ServShared/lock_client.go:195.4,195.15 1 1
github.com/vyuvaraj/ServShared/lock_client.go:197.3,197.28 1 0
github.com/vyuvaraj/ServShared/lock_client.go:197.28,199.4 1 0
github.com/vyuvaraj/ServShared/lock_client.go:201.2,201.84 1 0
github.com/vyuvaraj/ServShared/lock_client.go:213.88,223.2 2 1
github.com/vyuvaraj/ServShared/lock_client.go:224.80,224.94 1 1
github.com/vyuvaraj/ServShared/lock_client.go:225.84,228.2 2 0
github.com/vyuvaraj/ServShared/lock_client.go:229.58,229.77 1 0
github.com/vyuvaraj/ServShared/mail.go:23.78,25.20 2 0
github.com/vyuvaraj/ServShared/mail.go:25.20,27.3 1 0
github.com/vyuvaraj/ServShared/mail.go:28.2,38.16 4 0
github.com/vyuvaraj/ServShared/mail.go:38.16,40.3 1 0
github.com/vyuvaraj/ServShared/mail.go:42.2,43.16 2 0
github.com/vyuvaraj/ServShared/mail.go:43.16,45.3 1 0
github.com/vyuvaraj/ServShared/mail.go:46.2,50.17 3 0
github.com/vyuvaraj/ServShared/mail.go:50.17,52.3 1 0
github.com/vyuvaraj/ServShared/mail.go:53.2,57.16 4 0
github.com/vyuvaraj/ServShared/mail.go:57.16,59.3 1 0
github.com/vyuvaraj/ServShared/mail.go:60.2,62.80 2 0
github.com/vyuvaraj/ServShared/mail.go:62.80,64.3 1 0
github.com/vyuvaraj/ServShared/mail.go:65.2,65.12 1 0
github.com/vyuvaraj/ServShared/mail.go:69.66,71.20 2 0
github.com/vyuvaraj/ServShared/mail.go:71.20,73.3 1 0
github.com/vyuvaraj/ServShared/mail.go:74.2,84.16 4 0
github.com/vyuvaraj/ServShared/mail.go:84.16,86.3 1 0
github.com/vyuvaraj/ServShared/mail.go:88.2,89.16 2 0
github.com/vyuvaraj/ServShared/mail.go:89.16,91.3 1 0
github.com/vyuvaraj/ServShared/mail.go:92.2,95.17 3 0
github.com/vyuvaraj/ServShared/mail.go:95.17,97.3 1 0
github.com/vyuvaraj/ServShared/mail.go:98.2,102.16 4 0
github.com/vyuvaraj/ServShared/mail.go:102.16,104.3 1 0
github.com/vyuvaraj/ServShared/mail.go:105.2,107.80 2 0
github.com/vyuvaraj/ServShared/mail.go:107.80,109.3 1 0
github.com/vyuvaraj/ServShared/mail.go:110.2,110.12 1 0
github.com/vyuvaraj/ServShared/middleware.go:29.41,31.15 2 1
github.com/vyuvaraj/ServShared/middleware.go:31.15,33.3 1 0
github.com/vyuvaraj/ServShared/middleware.go:35.2,40.3 1 1
github.com/vyuvaraj/ServShared/middleware.go:45.42,47.2 1 1
github.com/vyuvaraj/ServShared/middleware.go:50.53,52.2 1 1
github.com/vyuvaraj/ServShared/middleware.go:56.55,58.2 1 1
github.com/vyuvaraj/ServShared/middleware.go:63.49,65.19 2 0
github.com/vyuvaraj/ServShared/middleware.go:65.19,67.3 1 0
github.com/vyuvaraj/ServShared/middleware.go:68.2,68.33 1 0
github.com/vyuvaraj/ServShared/middleware.go:68.33,69.32 1 0
github.com/vyuvaraj/ServShared/middleware.go:69.32,71.4 1 0
github.com/vyuvaraj/ServShared/middleware.go:73.2,73.14 1 0
github.com/vyuvaraj/ServShared/middleware.go:76.74,83.2 3 1
github.com/vyuvaraj/ServShared/middleware.go:91.55,94.2 2 0
github.com/vyuvaraj/ServShared/middleware.go:97.74,99.2 1 0
github.com/vyuvaraj/ServShared/middleware.go:102.50,108.14 2 0
github.com/vyuvaraj/ServShared/middleware.go:108.14,112.15 4 0
github.com/vyuvaraj/ServShared/middleware.go:112.15,114.23 2 0
github.com/vyuvaraj/ServShared/middleware.go:114.23,116.5 1 0
github.com/vyuvaraj/ServShared/middleware.go:119.2,120.27 2 0
github.com/vyuvaraj/ServShared/middleware.go:130.91,131.61 1 1
github.com/vyuvaraj/ServShared/middleware.go:131.61,134.3 2 1
github.com/vyuvaraj/ServShared/middleware.go:135.2,135.40 1 1
github.com/vyuvaraj/ServShared/middleware.go:135.40,138.3 2 0
github.com/vyuvaraj/ServShared/middleware.go:139.2,139.13 1 1
github.com/vyuvaraj/ServShared/middleware.go:143.70,144.46 1 0
github.com/vyuvaraj/ServShared/middleware.go:144.46,145.72 1 0
github.com/vyuvaraj/ServShared/middleware.go:145.72,148.4 2 0
github.com/vyuvaraj/ServShared/middleware.go:155.37,156.75 1 1
github.com/vyuvaraj/ServShared/middleware.go:156.75,158.19 2 1
github.com/vyuvaraj/ServShared/middleware.go:158.19,160.4 1 0
github.com/vyuvaraj/ServShared/middleware.go:161.3,168.81 6 1
github.com/vyuvaraj/ServShared/middleware.go:168.81,170.4 1 1
github.com/vyuvaraj/ServShared/middleware.go:171.3,171.79 1 1
github.com/vyuvaraj/ServShared/middleware.go:171.79,173.4 1 1
github.com/vyuvaraj/ServShared/middleware.go:174.3,174.48 1 1
github.com/vyuvaraj/ServShared/middleware.go:190.61,191.29 1 0
github.com/vyuvaraj/ServShared/middleware.go:191.29,193.3 1 0
github.com/vyuvaraj/ServShared/middleware.go:194.2,194.14 1 0
github.com/vyuvaraj/ServShared/middleware.go:200.63,201.30 1 0
github.com/vyuvaraj/ServShared/middleware.go:201.30,203.3 1 0
github.com/vyuvaraj/ServShared/middleware.go:204.2,204.15 1 0
github.com/vyuvaraj/ServShared/middleware.go:210.63,211.30 1 0
github.com/vyuvaraj/ServShared/middleware.go:211.30,213.3 1 0
github.com/vyuvaraj/ServShared/middleware.go:214.2,214.15 1 0
github.com/vyuvaraj/ServShared/middleware.go:218.67,219.54 1 0
github.com/vyuvaraj/ServShared/middleware.go:219.54,227.3 3 0
github.com/vyuvaraj/ServShared/middleware.go:231.79,232.46 1 0
github.com/vyuvaraj/ServShared/middleware.go:232.46,233.72 1 0
github.com/vyuvaraj/ServShared/middleware.go:233.72,235.24 2 0
github.com/vyuvaraj/ServShared/middleware.go:235.24,237.5 1 0
github.com/vyuvaraj/ServShared/middleware.go:238.4,238.24 1 0
github.com/vyuvaraj/ServShared/middleware.go:244.54,245.71 1 1
github.com/vyuvaraj/ServShared/middleware.go:245.71,248.73 2 1
github.com/vyuvaraj/ServShared/middleware.go:248.73,249.56 1 1
github.com/vyuvaraj/ServShared/middleware.go:249.56,251.5 1 1
github.com/vyuvaraj/ServShared/middleware.go:253.3,253.76 1 1
github.com/vyuvaraj/ServShared/middleware.go:253.76,254.59 1 0
github.com/vyuvaraj/ServShared/middleware.go:254.59,256.5 1 0
github.com/vyuvaraj/ServShared/middleware.go:259.3,259.20 1 1
github.com/vyuvaraj/ServShared/middleware.go:259.20,261.4 1 1
github.com/vyuvaraj/ServShared/middleware.go:264.3,265.66 2 1
github.com/vyuvaraj/ServShared/middleware.go:265.66,266.63 1 1
github.com/vyuvaraj/ServShared/middleware.go:266.63,268.5 1 1
github.com/vyuvaraj/ServShared/middleware.go:270.3,270.72 1 1
github.com/vyuvaraj/ServShared/middleware.go:270.72,271.66 1 0
github.com/vyuvaraj/ServShared/middleware.go:271.66,273.5 1 0
github.com/vyuvaraj/ServShared/middleware.go:274.9,274.52 1 1
github.com/vyuvaraj/ServShared/middleware.go:274.52,276.4 1 0
github.com/vyuvaraj/ServShared/middleware.go:278.3,278.21 1 1
github.com/vyuvaraj/ServShared/middleware.go:278.21,280.33 1 1
github.com/vyuvaraj/ServShared/middleware.go:280.33,285.5 4 1
github.com/vyuvaraj/ServShared/middleware.go:288.3,288.23 1 1
github.com/vyuvaraj/ServShared/mtls.go:33.58,35.19 2 0
github.com/vyuvaraj/ServShared/mtls.go:35.19,38.3 1 0
github.com/vyuvaraj/ServShared/mtls.go:40.2,46.16 3 0
github.com/vyuvaraj/ServShared/mtls.go:46.16,50.3 2 0
github.com/vyuvaraj/ServShared/mtls.go:53.2,55.18 2 0
github.com/vyuvaraj/ServShared/mtls.go:59.52,64.2 1 0
github.com/vyuvaraj/ServShared/mtls.go:66.67,69.16 2 0
github.com/vyuvaraj/ServShared/mtls.go:69.16,71.3 1 0
github.com/vyuvaraj/ServShared/mtls.go:74.2,83.16 3 0
github.com/vyuvaraj/ServShared/mtls.go:83.16,85.3 1 0
github.com/vyuvaraj/ServShared/mtls.go:87.2,96.16 4 0
github.com/vyuvaraj/ServShared/mtls.go:96.16,98.3 1 0
github.com/vyuvaraj/ServShared/mtls.go:99.2,101.38 2 0
github.com/vyuvaraj/ServShared/mtls.go:101.38,103.3 1 0
github.com/vyuvaraj/ServShared/mtls.go:105.2,109.67 2 0
github.com/vyuvaraj/ServShared/mtls.go:109.67,111.3 1 0
github.com/vyuvaraj/ServShared/mtls.go:114.2,115.22 2 0
github.com/vyuvaraj/ServShared/mtls.go:115.22,117.3 1 0
github.com/vyuvaraj/ServShared/mtls.go:120.2,124.16 4 0
github.com/vyuvaraj/ServShared/mtls.go:124.16,126.3 1 0
github.com/vyuvaraj/ServShared/mtls.go:129.2,146.23 8 0
github.com/vyuvaraj/ServShared/mtls.go:149.41,150.6 1 0
github.com/vyuvaraj/ServShared/mtls.go:150.6,157.34 5 0
github.com/vyuvaraj/ServShared/mtls.go:157.34,159.4 1 0
github.com/vyuvaraj/ServShared/mtls.go:161.3,164.17 3 0
github.com/vyuvaraj/ServShared/mtls.go:164.17,166.12 2 0
github.com/vyuvaraj/ServShared/mtls.go:169.3,172.76 4 0
github.com/vyuvaraj/ServShared/otel.go:49.36,51.2 1 0
github.com/vyuvaraj/ServShared/otel.go:53.55,58.20 4 0
github.com/vyuvaraj/ServShared/otel.go:58.20,60.3 1 0
github.com/vyuvaraj/ServShared/otel.go:62.2,65.26 4 0
github.com/vyuvaraj/ServShared/otel.go:65.26,67.3 1 0
github.com/vyuvaraj/ServShared/otel.go:69.2,70.19 2 0
github.com/vyuvaraj/ServShared/otel.go:74.17,76.2 1 0
github.com/vyuvaraj/ServShared/otel.go:78.38,80.17 2 0
github.com/vyuvaraj/ServShared/otel.go:80.17,83.3 2 0
github.com/vyuvaraj/ServShared/otel.go:84.2,93.28 6 0
github.com/vyuvaraj/ServShared/otel.go:93.28,96.3 2 0
github.com/vyuvaraj/ServShared/otel.go:97.2,97.16 1 0
github.com/vyuvaraj/ServShared/otel.go:100.31,101.48 1 0
github.com/vyuvaraj/ServShared/otel.go:101.48,103.3 1 0
github.com/vyuvaraj/ServShared/otel.go:104.2,104.53 1 0
github.com/vyuvaraj/ServShared/otel.go:104.53,106.3 1 0
github.com/vyuvaraj/ServShared/otel.go:107.2,107.56 1 0
github.com/vyuvaraj/ServShared/otel.go:107.56,111.52 2 0
github.com/vyuvaraj/ServShared/otel.go:111.52,112.35 1 0
github.com/vyuvaraj/ServShared/otel.go:112.35,114.5 1 0
github.com/vyuvaraj/ServShared/otel.go:115.9,116.49 1 0
github.com/vyuvaraj/ServShared/otel.go:116.49,117.78 1 0
github.com/vyuvaraj/ServShared/otel.go:117.78,119.6 1 0
github.com/vyuvaraj/ServShared/otel.go:123.2,123.11 1 0
github.com/vyuvaraj/ServShared/otel.go:126.31,130.2 3 0
github.com/vyuvaraj/ServShared/otel.go:132.30,136.2 3 0
github.com/vyuvaraj/ServShared/otel.go:138.55,140.2 1 0
github.com/vyuvaraj/ServShared/otel.go:142.79,147.14 4 0
github.com/vyuvaraj/ServShared/otel.go:147.14,149.3 1 0
github.com/vyuvaraj/ServShared/otel.go:151.2,153.23 3 0
github.com/vyuvaraj/ServShared/otel.go:153.23,155.22 2 0
github.com/vyuvaraj/ServShared/otel.go:155.22,158.4 2 0
github.com/vyuvaraj/ServShared/otel.go:161.2,161.19 1 0
github.com/vyuvaraj/ServShared/otel.go:161.19,163.3 1 0
github.com/vyuvaraj/ServShared/otel.go:165.2,172.3 1 0
github.com/vyuvaraj/ServShared/otel.go:175.72,177.2 1 0
github.com/vyuvaraj/ServShared/otel.go:179.96,184.29 4 0
github.com/vyuvaraj/ServShared/otel.go:184.29,186.3 1 0
github.com/vyuvaraj/ServShared/otel.go:188.2,190.16 3 0
github.com/vyuvaraj/ServShared/otel.go:190.16,192.24 2 0
github.com/vyuvaraj/ServShared/otel.go:192.24,194.4 1 0
github.com/vyuvaraj/ServShared/otel.go:195.3,195.44 1 0
github.com/vyuvaraj/ServShared/otel.go:197.2,197.28 1 0
github.com/vyuvaraj/ServShared/otel.go:197.28,199.3 1 0
github.com/vyuvaraj/ServShared/otel.go:200.2,200.31 1 0
github.com/vyuvaraj/ServShared/otel.go:200.31,202.3 1 0
github.com/vyuvaraj/ServShared/otel.go:204.2,206.43 3 0
github.com/vyuvaraj/ServShared/otel.go:206.43,211.3 4 0
github.com/vyuvaraj/ServShared/otel.go:211.8,213.3 1 0
github.com/vyuvaraj/ServShared/otel.go:216.42,221.6 4 0
github.com/vyuvaraj/ServShared/otel.go:221.6,222.10 1 0
github.com/vyuvaraj/ServShared/otel.go:223.23,224.10 1 0
github.com/vyuvaraj/ServShared/otel.go:225.19,227.31 2 0
github.com/vyuvaraj/ServShared/otel.go:227.31,229.13 2 0
github.com/vyuvaraj/ServShared/otel.go:231.4,235.25 4 0
github.com/vyuvaraj/ServShared/otel.go:240.56,265.16 7 0
github.com/vyuvaraj/ServShared/otel.go:265.16,267.3 1 0
github.com/vyuvaraj/ServShared/otel.go:269.2,272.16 4 0
github.com/vyuvaraj/ServShared/otel.go:272.16,274.3 1 0
github.com/vyuvaraj/ServShared/otel.go:275.2,275.23 1 0
github.com/vyuvaraj/ServShared/otel.go:278.62,280.26 2 0
github.com/vyuvaraj/ServShared/otel.go:280.26,290.23 2 0
github.com/vyuvaraj/ServShared/otel.go:290.23,292.4 1 0
github.com/vyuvaraj/ServShared/otel.go:293.3,293.28 1 0
github.com/vyuvaraj/ServShared/otel.go:293.28,295.35 2 0
github.com/vyuvaraj/ServShared/otel.go:295.35,300.5 1 0
github.com/vyuvaraj/ServShared/otel.go:301.4,301.30 1 0
github.com/vyuvaraj/ServShared/otel.go:303.3,303.32 1 0
github.com/vyuvaraj/ServShared/otel.go:305.2,305.15 1 0
github.com/vyuvaraj/ServShared/pprof.go:9.48,15.2 5 0
github.com/vyuvaraj/ServShared/rbac.go:29.38,38.2 1 0
github.com/vyuvaraj/ServShared/rbac.go:42.67,43.46 1 0
github.com/vyuvaraj/ServShared/rbac.go:43.46,44.72 1 0
github.com/vyuvaraj/ServShared/rbac.go:44.72,48.21 2 0
github.com/vyuvaraj/ServShared/rbac.go:48.21,51.5 2 0
github.com/vyuvaraj/ServShared/rbac.go:54.4,54.35 1 0
github.com/vyuvaraj/ServShared/rbac.go:54.35,55.43 1 0
github.com/vyuvaraj/ServShared/rbac.go:55.43,56.53 1 0
github.com/vyuvaraj/ServShared/rbac.go:56.53,59.7 2 0
github.com/vyuvaraj/ServShared/rbac.go:63.4,68.6 3 0
github.com/vyuvaraj/ServShared/rbac.go:74.65,75.46 1 0
github.com/vyuvaraj/ServShared/rbac.go:75.46,76.72 1 0
github.com/vyuvaraj/ServShared/rbac.go:76.72,80.21 2 0
github.com/vyuvaraj/ServShared/rbac.go:80.21,83.5 2 0
github.com/vyuvaraj/ServShared/rbac.go:86.4,86.38 1 0
github.com/vyuvaraj/ServShared/rbac.go:86.38,87.24 1 0
github.com/vyuvaraj/ServShared/rbac.go:87.24,90.6 2 0
github.com/vyuvaraj/ServShared/rbac.go:94.4,94.36 1 0
github.com/vyuvaraj/ServShared/rbac.go:94.36,95.62 1 0
github.com/vyuvaraj/ServShared/rbac.go:95.62,98.6 2 0
github.com/vyuvaraj/ServShared/rbac.go:101.4,106.6 3 0
github.com/vyuvaraj/ServShared/rbac.go:112.71,113.50 1 0
github.com/vyuvaraj/ServShared/rbac.go:113.50,115.3 1 0
github.com/vyuvaraj/ServShared/rbac.go:117.2,118.41 2 0
github.com/vyuvaraj/ServShared/rbac.go:118.41,119.43 1 0
github.com/vyuvaraj/ServShared/rbac.go:119.43,120.12 1 0
github.com/vyuvaraj/ServShared/rbac.go:122.3,122.49 1 0
github.com/vyuvaraj/ServShared/rbac.go:122.49,123.12 1 0
github.com/vyuvaraj/ServShared/rbac.go:125.3,125.28 1 0
github.com/vyuvaraj/ServShared/rbac.go:125.28,127.4 1 0
github.com/vyuvaraj/ServShared/rbac.go:128.3,128.29 1 0
github.com/vyuvaraj/ServShared/rbac.go:128.29,130.4 1 0
github.com/vyuvaraj/ServShared/rbac.go:132.2,132.16 1 0
github.com/vyuvaraj/ServShared/rbac.go:135.58,136.28 1 0
github.com/vyuvaraj/ServShared/rbac.go:136.28,137.30 1 0
github.com/vyuvaraj/ServShared/rbac.go:137.30,139.4 1 0
github.com/vyuvaraj/ServShared/rbac.go:141.2,141.14 1 0
github.com/vyuvaraj/ServShared/rbac.go:144.62,145.30 1 0
github.com/vyuvaraj/ServShared/rbac.go:145.30,146.15 1 0
github.com/vyuvaraj/ServShared/rbac.go:146.15,148.4 1 0
github.com/vyuvaraj/ServShared/rbac.go:149.3,149.33 1 0
github.com/vyuvaraj/ServShared/rbac.go:149.33,151.41 2 0
github.com/vyuvaraj/ServShared/rbac.go:151.41,153.5 1 0
github.com/vyuvaraj/ServShared/rbac.go:155.3,155.18 1 0
github.com/vyuvaraj/ServShared/rbac.go:155.18,157.4 1 0
github.com/vyuvaraj/ServShared/rbac.go:159.2,159.14 1 0
github.com/vyuvaraj/ServShared/rbac.go:162.53,164.38 1 0
github.com/vyuvaraj/ServShared/rbac.go:164.38,167.3 2 0
github.com/vyuvaraj/ServShared/rbac.go:168.2,168.26 1 0
github.com/vyuvaraj/ServShared/rbac.go:173.71,174.46 1 0
github.com/vyuvaraj/ServShared/rbac.go:174.46,175.72 1 0
github.com/vyuvaraj/ServShared/rbac.go:175.72,179.68 3 0
github.com/vyuvaraj/ServShared/rbac.go:179.68,181.5 1 0
github.com/vyuvaraj/ServShared/rbac.go:183.4,183.20 1 0
github.com/vyuvaraj/ServShared/rbac.go:183.20,191.5 4 0
github.com/vyuvaraj/ServShared/rbac.go:193.4,193.97 1 0
github.com/vyuvaraj/ServShared/rbac.go:193.97,196.5 2 0
github.com/vyuvaraj/ServShared/rbac.go:198.4,203.6 3 0
github.com/vyuvaraj/ServShared/runtime.go:51.66,53.27 2 1
github.com/vyuvaraj/ServShared/runtime.go:53.27,55.3 1 1
github.com/vyuvaraj/ServShared/runtime.go:56.2,60.3 1 1
github.com/vyuvaraj/ServShared/runtime.go:66.53,70.2 3 1
github.com/vyuvaraj/ServShared/runtime.go:78.56,80.25 1 1
github.com/vyuvaraj/ServShared/runtime.go:80.25,82.3 1 0
github.com/vyuvaraj/ServShared/runtime.go:85.2,90.29 5 1
github.com/vyuvaraj/ServShared/runtime.go:90.29,92.3 1 1
github.com/vyuvaraj/ServShared/runtime.go:94.2,94.48 1 1
github.com/vyuvaraj/ServShared/runtime.go:94.48,95.93 1 1
github.com/vyuvaraj/ServShared/runtime.go:95.93,97.4 1 0
github.com/vyuvaraj/ServShared/runtime.go:101.2,106.12 4 1
github.com/vyuvaraj/ServShared/runtime.go:110.30,115.19 4 1
github.com/vyuvaraj/ServShared/runtime.go:115.19,117.3 1 1
github.com/vyuvaraj/ServShared/runtime.go:118.2,118.10 1 1
github.com/vyuvaraj/ServShared/runtime.go:122.81,125.48 2 1
github.com/vyuvaraj/ServShared/runtime.go:125.48,127.3 1 1
github.com/vyuvaraj/ServShared/runtime.go:129.2,132.6 3 1
github.com/vyuvaraj/ServShared/runtime.go:132.6,133.10 1 1
github.com/vyuvaraj/ServShared/runtime.go:134.21,135.10 1 1
github.com/vyuvaraj/ServShared/runtime.go:136.19,138.84 1 1
github.com/vyuvaraj/ServShared/runtime.go:138.84,140.5 1 0
github.com/vyuvaraj/ServShared/runtime.go:158.56,165.2 1 1
github.com/vyuvaraj/ServShared/runtime.go:167.100,174.2 2 1
github.com/vyuvaraj/ServShared/runtime.go:176.90,182.2 2 1
github.com/vyuvaraj/ServShared/runtime.go:184.91,186.16 2 1
github.com/vyuvaraj/ServShared/runtime.go:186.16,188.3 1 0
github.com/vyuvaraj/ServShared/runtime.go:190.2,192.16 2 1
github.com/vyuvaraj/ServShared/runtime.go:192.16,194.3 1 0
github.com/vyuvaraj/ServShared/runtime.go:195.2,198.16 3 1
github.com/vyuvaraj/ServShared/runtime.go:198.16,200.3 1 0
github.com/vyuvaraj/ServShared/runtime.go:201.2,204.28 3 1
github.com/vyuvaraj/ServShared/runtime.go:204.28,206.3 1 1
github.com/vyuvaraj/ServShared/runtime.go:207.2,207.12 1 1
github.com/vyuvaraj/ServShared/runtime_config.go:37.44,49.2 1 1
github.com/vyuvaraj/ServShared/runtime_config.go:55.39,55.71 1 1
github.com/vyuvaraj/ServShared/runtime_config.go:55.71,55.92 1 1
github.com/vyuvaraj/ServShared/runtime_config.go:58.39,58.71 1 1
github.com/vyuvaraj/ServShared/runtime_config.go:58.71,58.92 1 1
github.com/vyuvaraj/ServShared/runtime_config.go:61.41,61.73 1 1
github.com/vyuvaraj/ServShared/runtime_config.go:61.73,61.96 1 1
github.com/vyuvaraj/ServShared/runtime_config.go:64.47,65.32 1 1
github.com/vyuvaraj/ServShared/runtime_config.go:65.32,65.54 1 1
github.com/vyuvaraj/ServShared/runtime_config.go:69.35,69.67 1 1
github.com/vyuvaraj/ServShared/runtime_config.go:69.67,69.87 1 1
github.com/vyuvaraj/ServShared/runtime_config.go:72.39,72.71 1 1
github.com/vyuvaraj/ServShared/runtime_config.go:72.71,72.92 1 1
github.com/vyuvaraj/ServShared/runtime_config.go:75.36,75.68 1 1
github.com/vyuvaraj/ServShared/runtime_config.go:75.68,75.94 1 1
github.com/vyuvaraj/ServShared/runtime_config.go:79.37,80.34 1 1
github.com/vyuvaraj/ServShared/runtime_config.go:80.34,82.3 1 1
github.com/vyuvaraj/ServShared/runtime_config.go:83.2,83.12 1 1
github.com/vyuvaraj/ServShared/runtime_config.go:86.41,87.34 1 1
github.com/vyuvaraj/ServShared/runtime_config.go:87.34,88.44 1 1
github.com/vyuvaraj/ServShared/runtime_config.go:88.44,90.4 1 1
github.com/vyuvaraj/ServShared/runtime_config.go:92.2,92.12 1 1
github.com/vyuvaraj/ServShared/runtime_config.go:95.44,96.34 1 1
github.com/vyuvaraj/ServShared/runtime_config.go:96.34,97.49 1 1
github.com/vyuvaraj/ServShared/runtime_config.go:97.49,99.4 1 1
github.com/vyuvaraj/ServShared/runtime_config.go:101.2,101.12 1 1
github.com/vyuvaraj/ServShared/store.go:23.36,25.20 2 0
github.com/vyuvaraj/ServShared/store.go:25.20,27.3 1 0
github.com/vyuvaraj/ServShared/store.go:28.2,29.21 2 0
github.com/vyuvaraj/ServShared/store.go:29.21,31.3 1 0
github.com/vyuvaraj/ServShared/store.go:32.2,35.3 1 0
github.com/vyuvaraj/ServShared/store.go:39.80,40.90 1 0
github.com/vyuvaraj/ServShared/store.go:40.90,42.3 1 0
github.com/vyuvaraj/ServShared/store.go:43.2,43.15 1 0
github.com/vyuvaraj/ServShared/store.go:47.90,49.2 1 0
github.com/vyuvaraj/ServShared/store.go:52.87,54.2 1 0
github.com/vyuvaraj/ServShared/store.go:57.57,60.16 3 0
github.com/vyuvaraj/ServShared/store.go:60.16,62.3 1 0
github.com/vyuvaraj/ServShared/store.go:63.2,63.23 1 0
github.com/vyuvaraj/ServShared/store.go:63.23,65.3 1 0
github.com/vyuvaraj/ServShared/store.go:66.2,68.16 3 0
github.com/vyuvaraj/ServShared/store.go:68.16,70.3 1 0
github.com/vyuvaraj/ServShared/store.go:71.2,72.12 2 0
github.com/vyuvaraj/ServShared/store.go:76.66,80.16 4 0
github.com/vyuvaraj/ServShared/store.go:80.16,82.3 1 0
github.com/vyuvaraj/ServShared/store.go:83.2,84.23 2 0
github.com/vyuvaraj/ServShared/store.go:84.23,86.3 1 0
github.com/vyuvaraj/ServShared/store.go:87.2,89.16 3 0
github.com/vyuvaraj/ServShared/store.go:89.16,91.3 1 0
github.com/vyuvaraj/ServShared/store.go:92.2,93.122 2 0
github.com/vyuvaraj/ServShared/store.go:93.122,96.3 2 0
github.com/vyuvaraj/ServShared/store.go:97.2,97.12 1 0
github.com/vyuvaraj/ServShared/store.go:101.63,104.16 3 0
github.com/vyuvaraj/ServShared/store.go:104.16,106.3 1 0
github.com/vyuvaraj/ServShared/store.go:107.2,107.23 1 0
github.com/vyuvaraj/ServShared/store.go:107.23,109.3 1 0
github.com/vyuvaraj/ServShared/store.go:110.2,112.16 3 0
github.com/vyuvaraj/ServShared/store.go:112.16,114.3 1 0
github.com/vyuvaraj/ServShared/store.go:115.2,116.44 2 0
github.com/vyuvaraj/ServShared/store.go:116.44,118.3 1 0
github.com/vyuvaraj/ServShared/store.go:119.2,119.38 1 0
github.com/vyuvaraj/ServShared/store.go:119.38,122.3 2 0
github.com/vyuvaraj/ServShared/store.go:123.2,123.30 1 0
github.com/vyuvaraj/ServShared/store.go:127.89,130.16 3 0
github.com/vyuvaraj/ServShared/store.go:130.16,132.3 1 0
github.com/vyuvaraj/ServShared/store.go:133.2,133.23 1 0
github.com/vyuvaraj/ServShared/store.go:133.23,135.3 1 0
github.com/vyuvaraj/ServShared/store.go:137.2,139.16 3 0
github.com/vyuvaraj/ServShared/store.go:139.16,141.3 1 0
github.com/vyuvaraj/ServShared/store.go:142.2,144.38 2 0
github.com/vyuvaraj/ServShared/store.go:144.38,147.3 2 0
github.com/vyuvaraj/ServShared/store.go:149.2,150.68 2 0
github.com/vyuvaraj/ServShared/store.go:150.68,152.3 1 0
github.com/vyuvaraj/ServShared/store.go:153.2,153.21 1 0
github.com/vyuvaraj/ServShared/store.go:157.56,160.16 3 0
github.com/vyuvaraj/ServShared/store.go:160.16,162.3 1 0
github.com/vyuvaraj/ServShared/store.go:163.2,163.23 1 0
github.com/vyuvaraj/ServShared/store.go:163.23,165.3 1 0
github.com/vyuvaraj/ServShared/store.go:166.2,168.16 3 0
github.com/vyuvaraj/ServShared/store.go:168.16,170.3 1 0
github.com/vyuvaraj/ServShared/store.go:171.2,172.123 2 0
github.com/vyuvaraj/ServShared/store.go:172.123,175.3 2 0
github.com/vyuvaraj/ServShared/store.go:176.2,176.12 1 0
github.com/vyuvaraj/ServShared/pkg/middleware/auth.go:38.41,39.64 1 0
github.com/vyuvaraj/ServShared/pkg/middleware/auth.go:39.64,41.3 1 0
github.com/vyuvaraj/ServShared/pkg/middleware/auth.go:42.2,42.12 1 0
github.com/vyuvaraj/ServShared/pkg/middleware/auth.go:54.88,61.2 1 0
github.com/vyuvaraj/ServShared/pkg/middleware/auth.go:64.73,65.97 1 0
github.com/vyuvaraj/ServShared/pkg/middleware/auth.go:65.97,66.22 1 0
github.com/vyuvaraj/ServShared/pkg/middleware/auth.go:66.22,67.54 1 0
github.com/vyuvaraj/ServShared/pkg/middleware/auth.go:67.54,69.5 1 0
github.com/vyuvaraj/ServShared/pkg/middleware/auth.go:70.4,71.17 2 0
github.com/vyuvaraj/ServShared/pkg/middleware/auth.go:71.17,73.5 1 0
github.com/vyuvaraj/ServShared/pkg/middleware/auth.go:74.4,74.33 1 0
github.com/vyuvaraj/ServShared/pkg/middleware/auth.go:77.3,77.54 1 0
github.com/vyuvaraj/ServShared/pkg/middleware/auth.go:77.54,79.4 1 0
github.com/vyuvaraj/ServShared/pkg/middleware/auth.go:80.3,80.26 1 0
github.com/vyuvaraj/ServShared/pkg/middleware/auth.go:83.2,83.16 1 0
github.com/vyuvaraj/ServShared/pkg/middleware/auth.go:83.16,85.3 1 0
github.com/vyuvaraj/ServShared/pkg/middleware/auth.go:87.2,87.61 1 0
github.com/vyuvaraj/ServShared/pkg/middleware/auth.go:87.61,88.58 1 0
github.com/vyuvaraj/ServShared/pkg/middleware/auth.go:88.58,90.4 1 0
github.com/vyuvaraj/ServShared/pkg/middleware/auth.go:91.3,91.21 1 0
github.com/vyuvaraj/ServShared/pkg/middleware/auth.go:94.2,94.41 1 0
github.com/vyuvaraj/ServShared/pkg/middleware/auth.go:98.63,99.21 1 0
github.com/vyuvaraj/ServShared/pkg/middleware/auth.go:99.21,101.3 1 0
github.com/vyuvaraj/ServShared/pkg/middleware/auth.go:102.2,103.62 2 0
github.com/vyuvaraj/ServShared/pkg/middleware/auth.go:103.62,105.3 1 0
github.com/vyuvaraj/ServShared/pkg/middleware/auth.go:106.2,106.22 1 0
github.com/vyuvaraj/ServShared/pkg/middleware/auth.go:109.77,114.57 4 0
github.com/vyuvaraj/ServShared/pkg/middleware/auth.go:114.57,116.3 1 0
github.com/vyuvaraj/ServShared/pkg/middleware/auth.go:118.2,118.38 1 0
github.com/vyuvaraj/ServShared/pkg/middleware/auth.go:118.38,119.13 1 0
github.com/vyuvaraj/ServShared/pkg/middleware/auth.go:119.13,121.4 1 0
github.com/vyuvaraj/ServShared/pkg/middleware/auth.go:122.3,122.18 1 0
github.com/vyuvaraj/ServShared/pkg/middleware/auth.go:125.2,129.13 4 0
github.com/vyuvaraj/ServShared/pkg/middleware/auth.go:129.13,131.3 1 0
github.com/vyuvaraj/ServShared/pkg/middleware/auth.go:132.2,132.17 1 0
github.com/vyuvaraj/ServShared/pkg/middleware/auth.go:149.43,152.16 3 0
github.com/vyuvaraj/ServShared/pkg/middleware/auth.go:152.16,154.3 1 0
github.com/vyuvaraj/ServShared/pkg/middleware/auth.go:155.2,157.38 2 0
github.com/vyuvaraj/ServShared/pkg/middleware/auth.go:157.38,159.3 1 0
github.com/vyuvaraj/ServShared/pkg/middleware/auth.go:161.2,162.65 2 0
github.com/vyuvaraj/ServShared/pkg/middleware/auth.go:162.65,164.3 1 0
github.com/vyuvaraj/ServShared/pkg/middleware/auth.go:166.2,169.30 3 0
github.com/vyuvaraj/ServShared/pkg/middleware/auth.go:169.30,170.21 1 0
github.com/vyuvaraj/ServShared/pkg/middleware/auth.go:170.21,172.18 2 0
github.com/vyuvaraj/ServShared/pkg/middleware/auth.go:172.18,174.5 1 0
github.com/vyuvaraj/ServShared/pkg/middleware/auth.go:177.2,178.12 2 0
github.com/vyuvaraj/ServShared/pkg/middleware/auth.go:181.67,183.16 2 0
github.com/vyuvaraj/ServShared/pkg/middleware/auth.go:183.16,185.3 1 0
github.com/vyuvaraj/ServShared/pkg/middleware/auth.go:186.2,187.16 2 0
github.com/vyuvaraj/ServShared/pkg/middleware/auth.go:187.16,189.3 1 0
github.com/vyuvaraj/ServShared/pkg/middleware/auth.go:191.2,193.27 3 0
github.com/vyuvaraj/ServShared/pkg/middleware/auth.go:193.27,195.3 1 0
github.com/vyuvaraj/ServShared/pkg/middleware/auth.go:197.2,200.8 1 0
github.com/vyuvaraj/ServShared/pkg/middleware/auth.go:204.53,207.35 3 0
github.com/vyuvaraj/ServShared/pkg/middleware/auth.go:207.35,209.3 1 0
github.com/vyuvaraj/ServShared/pkg/middleware/auth.go:211.2,213.71 2 0
github.com/vyuvaraj/ServShared/pkg/middleware/auth.go:213.71,215.67 2 0
github.com/vyuvaraj/ServShared/pkg/middleware/auth.go:215.67,218.4 2 0
github.com/vyuvaraj/ServShared/pkg/middleware/auth.go:220.3,221.17 2 0
github.com/vyuvaraj/ServShared/pkg/middleware/auth.go:221.17,226.4 4 0
github.com/vyuvaraj/ServShared/pkg/middleware/auth.go:228.3,229.17 2 0
github.com/vyuvaraj/ServShared/pkg/middleware/auth.go:229.17,234.4 4 0
github.com/vyuvaraj/ServShared/pkg/middleware/auth.go:236.3,237.40 2 0
github.com/vyuvaraj/ServShared/pkg/middleware/log.go:13.39,15.2 1 0
github.com/vyuvaraj/ServShared/pkg/middleware/tenant.go:14.42,15.65 1 0
github.com/vyuvaraj/ServShared/pkg/middleware/tenant.go:15.65,17.3 1 0
github.com/vyuvaraj/ServShared/pkg/middleware/tenant.go:18.2,18.11 1 0
github.com/vyuvaraj/ServShared/pkg/middleware/tenant.go:23.55,24.71 1 0
github.com/vyuvaraj/ServShared/pkg/middleware/tenant.go:24.71,26.25 2 0
github.com/vyuvaraj/ServShared/pkg/middleware/tenant.go:26.25,28.4 1 0
github.com/vyuvaraj/ServShared/pkg/middleware/tenant.go:30.3,33.45 3 0
github.com/vyuvaraj/ServShared/pkg/middleware/tenant.go:33.45,34.39 1 0
github.com/vyuvaraj/ServShared/pkg/middleware/tenant.go:34.39,39.5 4 0
github.com/vyuvaraj/ServShared/pkg/middleware/tenant.go:40.4,40.36 1 0
github.com/vyuvaraj/ServShared/pkg/middleware/tenant.go:43.3,44.40 2 0
github.com/vyuvaraj/ServShared/pkg/middleware/trace.go:16.55,19.2 2 0
github.com/vyuvaraj/ServShared/pkg/middleware/trace.go:21.31,25.2 3 0
github.com/vyuvaraj/ServShared/pkg/middleware/trace.go:28.74,29.71 1 0
github.com/vyuvaraj/ServShared/pkg/middleware/trace.go:29.71,31.24 2 0
github.com/vyuvaraj/ServShared/pkg/middleware/trace.go:31.24,33.4 1 0
github.com/vyuvaraj/ServShared/pkg/middleware/trace.go:35.3,36.24 2 0
github.com/vyuvaraj/ServShared/pkg/middleware/trace.go:36.24,38.23 2 0
github.com/vyuvaraj/ServShared/pkg/middleware/trace.go:38.23,40.5 1 0
github.com/vyuvaraj/ServShared/pkg/middleware/trace.go:43.3,43.42 1 0
github.com/vyuvaraj/ServShared/pkg/middleware/trace.go:43.42,45.4 1 0
github.com/vyuvaraj/ServShared/pkg/middleware/trace.go:46.3,53.29 6 0
